<?xml version="1.0" encoding="UTF-8" ?>
<testsuites disabled="0" errors="0" failures="1" tests="2" time="1.307">
 <testsuite name="workspace-project App" timestamp="2019-06-29T12:51:13" hostname="localhost" time="1.307" errors="0" tests="2" skipped="0" disabled="0" failures="1">
  <testcase classname="workspace-project App" name="should display welcome message" time="0.916" />
  <testcase classname="workspace-project App" name="Deve testar" time="0.388">
   <failure type="exception" message="Error: ENOENT: no such file or directory, open &apos;e2e/_relatorios/screenshots/chrome-workspace-project App should display welcome message.png&apos;"><![CDATA[Error: ENOENT: no such file or directory, open 'e2e/_relatorios/screenshots/chrome-workspace-project App should display welcome message.png']]>
   </failure>
  </testcase>
 </testsuite>
</testsuites>